Clearing MatLAB workspace... wait for 1 sec.
NewItem37[polyval(K,X)] with Goal(YY') gives K=[0.00015441780175583515,-0.0081779377585001096,0.18030716369654606,-2.1402539302429084,14.79589734928866,-60.447006868995935,141.36857271162651,-165.14141905278004,64.367317958663136] with R2Norm = 81573.040740241617
Clearing MatLAB workspace... wait for 1 sec.
NewItem36[polyval(K,X)] with Goal(YY') gives K=[-2.0528299902088527E-008,2.5108985411712223E-006,-0.00012558323605007439,0.0033133066265571762,-0.04964943247009164,0.42422897235142915,-1.9751870600448054,4.6040655408255411,3.0094776795782732] with R2Norm = 365667.91585771192
Clearing MatLAB workspace... wait for 1 sec.
NewItem35[polyval(K,X)] with Goal(YY') gives K=[-4.9062502050587462E-008,7.4153478850402162E-006,-0.00040677076792528633,0.010958610185336896,-0.15640556904726458,1.1249881070223224,-3.0568115466855854,-1.0221780118021273,5.4175789135295354] with R2Norm = 352951.44950903836
Clearing MatLAB workspace... wait for 1 sec.
NewItem34[polyval(K,X)] with Goal(YY') gives K=[-3.003248190491059E-011,1.3280569478904619E-007,-0.00022635568792333169,0.15934575115609881,16.543930534030689,-107691.30286942238,76375225.284065396,-23935113952.250835,2940111267266.3403] with R2Norm = 306847.36712217331
Clearing MatLAB workspace... wait for 1 sec.
NewItem33[polyval(K,X)] with Goal(YY') gives K=[-1.6744576026998238E-011,2.6127726016477122E-010,2.6684089449193653E-008,-4.1194212931407368E-008,-1.7294332433822939E-005,-0.0005285276182789867,0.013003139624167976,1.032306921329609,-0.53980728347262241] with R2Norm = 56914.04646809007
Clearing MatLAB workspace... wait for 1 sec.
NewItem32[polyval(K,X)] with Goal(YY') gives K=[-1.6311150270705019E-011,-4.8311610711835987E-011,3.0609703593657654E-008,3.6480628839162735E-007,-2.408835555326383E-005,-0.00046019768904434537,0.010149179856152818,1.041051694194608,-0.22511126369195686] with R2Norm = 40442.244882035789
Clearing MatLAB workspace... wait for 1 sec.
NewItemNET12345[newff(minmax(X),[16 8 1],{'tansig' 'tansig' 'purelin'})] with Goal(YY') gives K=[c:\matlab\work\NewItemNET12345.mat] with R2Norm = 21038.575061139589
Clearing MatLAB workspace... wait for 1 sec.
NewItem38[X1+X2] has Goal(YY') with K=[0] and R2Norm = 482203.5807299912
... fix X2=[24.602825119061919 16.379330004051518 15.477219660973576 22.185377291561874 19.766873005990455 19.766873005990455 18.110686185294782 17.256255570281727 16.379330004051518 14.548204910343056 21.382...]. Plan to enhance in [NewItemNET12345] 
Clearing MatLAB workspace... wait for 1 sec.
  NewItemNET12345[newff(minmax(X),[16 8 1],{'tansig' 'tansig' 'purelin'})] with Goal([-8.6028251190619187 -1.3793300040515177 7.5227803390264238 -2.1853772915618741 0.23312699400954529 -1.7668730059904547 -1.1106861852947816 -1.2562555702817271 -2.3793300040515177 7.4517950896569438 -...]) gives K=[c:\matlab\work\NewItemNET12345.mat] with R2Norm = 19480.159585206031
Clearing MatLAB workspace... wait for 1 sec.
NewItem38[X1+X2] has Goal(YY') with K=[0] and R2Norm = 19480.159585206035
... R2Norm successfully enhanced.
Filter(NewItem44). Selected: [NewItem38]
NewItem37 = inline('polyval([0.00015441780175583515,-0.0081779377585001096,0.18030716369654606,-2.1402539302429084,14.79589734928866,-60.447006868995935,141.36857271162651,-165.14141905278004,64.367317958663136],X)','X');
NewItem36 = inline('polyval([-2.0528299902088527E-008,2.5108985411712223E-006,-0.00012558323605007439,0.0033133066265571762,-0.04964943247009164,0.42422897235142915,-1.9751870600448054,4.6040655408255411,3.0094776795782732],X)','X');
NewItem35 = inline('polyval([-4.9062502050587462E-008,7.4153478850402162E-006,-0.00040677076792528633,0.010958610185336896,-0.15640556904726458,1.1249881070223224,-3.0568115466855854,-1.0221780118021273,5.4175789135295354],X)','X');
NewItem34 = inline('polyval([-3.003248190491059E-011,1.3280569478904619E-007,-0.00022635568792333169,0.15934575115609881,16.543930534030689,-107691.30286942238,76375225.284065396,-23935113952.250835,2940111267266.3403],X)','X');
NewItem33 = inline('polyval([-1.6744576026998238E-011,2.6127726016477122E-010,2.6684089449193653E-008,-4.1194212931407368E-008,-1.7294332433822939E-005,-0.0005285276182789867,0.013003139624167976,1.032306921329609,-0.53980728347262241],X)','X');
NewItem32 = inline('polyval([-1.6311150270705019E-011,-4.8311610711835987E-011,3.0609703593657654E-008,3.6480628839162735E-007,-2.408835555326383E-005,-0.00046019768904434537,0.010149179856152818,1.041051694194608,-0.22511126369195686],X)','X');
NewItemNET12345 = inline('sim(getfield(load(''c:\matlab\work\NewItemNET12345.mat''),''BestK''),[X1;X2;X3;X4;X5;X6])','X1','X2','X3','X4','X5','X6');
NewItem38 = inline('X1+X2','X1','X2');
Elapsed time = 807 sec.
  NewItem38(NewItemNET12345(X1,X2,X3,X4,X5,X6),NewItem32(X6)) 
