Clearing MatLAB workspace... wait for 1 sec.
NewItem15[polyval(K,X)] with Goal(YY') gives K=[220159238.30912125,-14980214550.086317,119136223386.32898,-13588342165.796291,-2258222636050.4141,5447872616876.2637,3298685184033.7808,-20483326760266.297,16079214982839.738,-2175011213264.6912] with R2Norm = 6384012.6719660163
Clearing MatLAB workspace... wait for 1 sec.
NewItem14[polyval(K,X)] with Goal(YY') gives K=[3.7954389477955963E-009,-3.7255968503895257E-007,9.4213735164679063E-006,0.00022921845966039522,-0.017618646324911242,0.39872066569492776,-4.3760034543889779,24.036046773898889,-59.888878302428438,112.50358763796481] with R2Norm = 6483063.9448269503
Clearing MatLAB workspace... wait for 1 sec.
NewItem13[polyval(K,X)] with Goal(YY') gives K=[-1.2382403902317818E-007,1.1277400812337393E-005,-0.00037900634423019636,0.0048868228665984812,0.016396944118203489,-1.1439887490404343,12.017597502097431,-50.001918416826932,78.124724997785904,-1.74206052512817] with R2Norm = 5181563.572110163
Clearing MatLAB workspace... wait for 1 sec.
NewItemLondon16_8_1twonets[newff(minmax(X),[16 8 1],{'tansig' 'tansig' 'purelin'})] with Goal(YY') gives K=[c:\matlab\work\NewItemLondon16_8_1twonets.mat] with R2Norm = 1412241.2374963227
Clearing MatLAB workspace... wait for 1 sec.
NewItem_123[newff(minmax(X),[1],{'purelin'})] with Goal(YY') gives K=[c:\matlab\work\NewItem_123.mat] with R2Norm = 6435505.3513455195
Clearing MatLAB workspace... wait for 1 sec.
NewItem12[polyval(K,X)] with Goal(YY') gives K=[-6.0059871706440303E-018,8.4842759661295256E-015,-4.9462890068479461E-012,1.5456858085274235E-009,-2.8164095511453023E-007,3.0462408537064507E-005,-0.0018952453322361995,0.061153840403971697,0.09587549863253042,9.1724640023510986] with R2Norm = 1824970.9396867955
Clearing MatLAB workspace... wait for 1 sec.
NewItem16[X1+X2] has Goal(YY') with K=[0] and R2Norm = 14562014.381521696
... fix X2=[75.189521067415086 75.189521067415086 75.189521067415086 75.189521067415086 75.189521067415086 75.189521067415086 75.189521067415086 75.189521067415086 75.189521067415086 75.189521067415086 75.189...]. Plan to enhance in [NewItem12,NewItem13,NewItem14,NewItem15] 
Clearing MatLAB workspace... wait for 1 sec.
  NewItem15[polyval(K,X)] with Goal([71.810478932584914 63.810478932584914 74.810478932584914 84.810478932584914 48.810478932584914 109.81047893258491 96.810478932584914 90.810478932584914 105.81047893258491 72.810478932584914 61.810478...]) gives K=[220159238.30814555,-14980214550.147051,119136223386.91269,-13588342165.869097,-2258222636060.9375,5447872616895.0684,3298685184067.458,-20483326760340.512,16079214982824.713,-2175011213293.0488] with R2Norm = 6394038.2121780142
Clearing MatLAB workspace... wait for 1 sec.
  NewItem14[polyval(K,X)] with Goal([71.810478932584914 63.810478932584914 74.810478932584914 84.810478932584914 48.810478932584914 109.81047893258491 96.810478932584914 90.810478932584914 105.81047893258491 72.810478932584914 61.810478...]) gives K=[9.8908028612758964E-010,2.8505436539937813E-008,-1.470823407203852E-005,0.0010218754545456208,-0.033041495607866685,0.57929205189690081,-5.6155343527564954,28.687084106544894,-68.158791308188725,57.2337651613487] with R2Norm = 6106723.3020886648
Clearing MatLAB workspace... wait for 1 sec.
  NewItem13[polyval(K,X)] with Goal([71.810478932584914 63.810478932584914 74.810478932584914 84.810478932584914 48.810478932584914 109.81047893258491 96.810478932584914 90.810478932584914 105.81047893258491 72.810478932584914 61.810478...]) gives K=[-1.2409722271623903E-007,1.1310269125194179E-005,-0.00038069280793841779,0.0049349700619733729,0.015560164038844642,-1.1348889692583413,11.956352844425753,-49.759218128003596,77.61918916455285,-63.007686192717649] with R2Norm = 4854804.3070381936
Clearing MatLAB workspace... wait for 1 sec.
  NewItem12[polyval(K,X)] with Goal([71.810478932584914 63.810478932584914 74.810478932584914 84.810478932584914 48.810478932584914 109.81047893258491 96.810478932584914 90.810478932584914 105.81047893258491 72.810478932584914 61.810478...]) gives K=[-5.4661222017003125E-018,7.6202568207863991E-015,-4.3771227025868419E-012,1.3459775635746559E-009,-2.4127105237881774E-007,2.5714496716456911E-005,-0.0015821925699995047,0.05057543376761027,0.1946027756843472,-49.79313376610839] with R2Norm = 2041340.0462274065
Clearing MatLAB workspace... wait for 1 sec.
NewItem16[X1+X2] has Goal(YY') with K=[0] and R2Norm = 2041340.0462274067
... R2Norm successfully enhanced.
Clearing MatLAB workspace... wait for 1 sec.
  NewItem38[X1+X2] has Goal(YY') with K=[0] and R2Norm = 18985413.041967522
  ... fix X1=[69.077608858330009 128.41191782396893 120.86559174759242 141.5011394780588 175.94997665835814 166.64057189057652 234.60288021526924 209.76426389533452 163.27921129293713 158.17347463979843 141.119...]. Plan to enhance in [NewItem12,NewItem13,NewItem14,NewItem15,NewItem_123] 
Clearing MatLAB workspace... wait for 1 sec.
    NewItem15[polyval(K,X)] with Goal([77.922391141669991 10.588082176031065 29.134408252407582 18.498860521941197 -51.949976658358139 18.359428109423476 -62.602880215269238 -43.764263895334523 17.720788707062866 -10.173474639798428 -4.11...]) gives K=[1134031050.2701316,40954432921.07518,-419583123213.14911,63446031206.19574,7349437210366.0762,-11460656797682.664,-28494141799788.211,47784294153416.437,38450495002672.773,-53315379140946.875] with R2Norm = 1417640.6294198749
Clearing MatLAB workspace... wait for 1 sec.
    NewItem14[polyval(K,X)] with Goal([77.922391141669991 10.588082176031065 29.134408252407582 18.498860521941197 -51.949976658358139 18.359428109423476 -62.602880215269238 -43.764263895334523 17.720788707062866 -10.173474639798428 -4.11...]) gives K=[-2.8806038475941375E-009,4.135660969960462E-007,-2.5187544898223356E-005,0.00084629804783683898,-0.017049317900572465,0.20903817122026619,-1.5109579304399066,5.9557731772940574,-11.166415828857215,6.858010505883243] with R2Norm = 1407019.0812134894
Clearing MatLAB workspace... wait for 1 sec.
    NewItem13[polyval(K,X)] with Goal([77.922391141669991 10.588082176031065 29.134408252407582 18.498860521941197 -51.949976658358139 18.359428109423476 -62.602880215269238 -43.764263895334523 17.720788707062866 -10.173474639798428 -4.11...]) gives K=[-6.7581450228569451E-008,6.8698941992619643E-006,-0.0002881573372961798,0.006454642341906393,-0.083780681400537002,0.6455236224274471,-2.9706140396257079,8.3078041841031247,-13.746479181125384,7.8354348870912398] with R2Norm = 1396903.6040673787
Clearing MatLAB workspace... wait for 1 sec.
    NewItem_123[newff(minmax(X),[1],{'purelin'})] with Goal([77.922391141669991 10.588082176031065 29.134408252407582 18.498860521941197 -51.949976658358139 18.359428109423476 -62.602880215269238 -43.764263895334523 17.720788707062866 -10.173474639798428 -4.11...]) gives K=[c:\matlab\work\NewItem_123.mat] with R2Norm = 1412194.3166357875
Clearing MatLAB workspace... wait for 1 sec.
    NewItem12[polyval(K,X)] with Goal([77.922391141669991 10.588082176031065 29.134408252407582 18.498860521941197 -51.949976658358139 18.359428109423476 -62.602880215269238 -43.764263895334523 17.720788707062866 -10.173474639798428 -4.11...]) gives K=[-1.8576535184335093E-018,2.5964000912184021E-015,-1.506670937783068E-012,4.7439107047949454E-010,-8.8918481244582709E-008,1.0215155089816194E-005,-0.00070607072848367935,0.026806980042727264,-0.41492057679891126,-0.060169243580688966] with R2Norm = 1401441.5217598774
Clearing MatLAB workspace... wait for 1 sec.
    NewItem16[X1+X2] has Goal([77.922391141669991 10.588082176031065 29.134408252407582 18.498860521941197 -51.949976658358139 18.359428109423476 -62.602880215269238 -43.764263895334523 17.720788707062866 -10.173474639798428 -4.11...]) with K=[0] and R2Norm = 1396895.3158335297
    ... fix X2=[-0.20074855643728615 -0.20074855643728615 -0.20074855643728615 -0.20074855643728615 -0.20074855643728615 -0.20074855643728615 -0.20074855643728615 -0.20074855643728615 -0.20074855643728615 -0.2007...]. Plan to enhance in [NewItem12,NewItem13,NewItem14,NewItem15] 
Clearing MatLAB workspace... wait for 1 sec.
      NewItem15[polyval(K,X)] with Goal([78.123139698107281 10.788830732468352 29.335156808844868 18.699609078378483 -51.749228101920856 18.560176665860762 -62.402131658831955 -43.56351533889724 17.921537263500152 -9.9727260833611417 -3.918...]) gives K=[1134031050.2700469,40954432921.076744,-419583123213.15973,63446031206.224709,7349437210366.0596,-11460656797682.697,-28494141799788.246,47784294153416.562,38450495002672.75,-53315379140946.711] with R2Norm = 1416750.5844185078
Clearing MatLAB workspace... wait for 1 sec.
      NewItem14[polyval(K,X)] with Goal([78.123139698107281 10.788830732468352 29.335156808844868 18.699609078378483 -51.749228101920856 18.560176665860762 -62.402131658831955 -43.56351533889724 17.921537263500152 -9.9727260833611417 -3.918...]) gives K=[-2.8548316363490126E-009,4.0988291309744102E-007,-2.4965950505273609E-005,0.00083901867767076171,-0.016907682073637634,0.20737989283497779,-1.4995746911576824,5.9130603486442874,-11.090469034217625,6.8758263933668369] with R2Norm = 1406963.83426923
Clearing MatLAB workspace... wait for 1 sec.
      NewItem13[polyval(K,X)] with Goal([78.123139698107281 10.788830732468352 29.335156808844868 18.699609078378483 -51.749228101920856 18.560176665860762 -62.402131658831955 -43.56351533889724 17.921537263500152 -9.9727260833611417 -3.918...]) gives K=[-6.7578941444521008E-008,6.8695923529179081E-006,-0.00028814184964681493,0.0064542001818550122,-0.083772996825765722,0.64544005454639575,-2.9700515989524252,8.3055753445758622,-13.741836589832957,7.9083132683794144] with R2Norm = 1396876.0081848013
Clearing MatLAB workspace... wait for 1 sec.
      NewItem12[polyval(K,X)] with Goal([78.123139698107281 10.788830732468352 29.335156808844868 18.699609078378483 -51.749228101920856 18.560176665860762 -62.402131658831955 -43.56351533889724 17.921537263500152 -9.9727260833611417 -3.918...]) gives K=[-1.8626113715452399E-018,2.6043348161121477E-015,-1.5118978798797174E-012,4.7622509231946806E-010,-8.9289218483360248E-008,1.0258757565894836E-005,-0.00070894565036355359,0.026904126902176126,-0.41582723932732557,-0.0084131820072302372] with R2Norm = 1401336.7756786428
Clearing MatLAB workspace... wait for 1 sec.
    NewItem16[X1+X2] has Goal([77.922391141669991 10.588082176031065 29.134408252407582 18.498860521941197 -51.949976658358139 18.359428109423476 -62.602880215269238 -43.764263895334523 17.720788707062866 -10.173474639798428 -4.11...]) with K=[0] and R2Norm = 1396876.0081848016
    ... R2Norm successfully enhanced.
Clearing MatLAB workspace... wait for 1 sec.
  NewItem38[X1+X2] has Goal(YY') with K=[0] and R2Norm = 1396876.0081848016
  ... R2Norm successfully enhanced.
NewItem15 = inline('polyval([1134031050.2700469,40954432921.076744,-419583123213.15973,63446031206.224709,7349437210366.0596,-11460656797682.697,-28494141799788.246,47784294153416.562,38450495002672.75,-53315379140946.711],X)','X');
NewItem14 = inline('polyval([-2.8548316363490126E-009,4.0988291309744102E-007,-2.4965950505273609E-005,0.00083901867767076171,-0.016907682073637634,0.20737989283497779,-1.4995746911576824,5.9130603486442874,-11.090469034217625,6.8758263933668369],X)','X');
NewItem13 = inline('polyval([-6.7578941444521008E-008,6.8695923529179081E-006,-0.00028814184964681493,0.0064542001818550122,-0.083772996825765722,0.64544005454639575,-2.9700515989524252,8.3055753445758622,-13.741836589832957,7.9083132683794144],X)','X');
NewItemLondon16_8_1twonets = inline('sim(getfield(load(''c:\matlab\work\NewItemLondon16_8_1twonets.mat''),''BestK''),[X1;X2;X3;X4])','X1','X2','X3','X4');
NewItem_123 = inline('sim(getfield(load(''c:\matlab\work\NewItem_123.mat''),''BestK''),X)','X');
NewItem12 = inline('polyval([-1.8626113715452399E-018,2.6043348161121477E-015,-1.5118978798797174E-012,4.7622509231946806E-010,-8.9289218483360248E-008,1.0258757565894836E-005,-0.00070894565036355359,0.026904126902176126,-0.41582723932732557,-0.0084131820072302372],X)','X');
NewItem16 = inline('X1+X2','X1','X2');
NewItem38 = inline('X1+X2','X1','X2');
Elapsed time = 583 sec.
  NewItem38(NewItemLondon16_8_1twonets(X1,X2,X3,X4),NewItem16(NewItem13(X3),NewItem_123(X1))) 
