Clearing MatLAB workspace... wait for 1 sec.
NewItem37[polyval(K,X)] with Goal(YY') gives K=[-1588320963.7652955,31530078198.133156,-239531619167.23395,903736785011.02405,-2087788180660.4182,4679648362849.5664,-10773863566239.855,14356228455449.15,-6868371994396.8936] with R2Norm = 6375494.0273122787
Clearing MatLAB workspace... wait for 1 sec.
NewItem36[polyval(K,X)] with Goal(YY') gives K=[1.6998517149755261E-007,-2.3182026607715322E-005,0.0012993774767347777,-0.03848552982371034,0.64498979419900593,-6.0927197281989152,30.617341683988478,-71.838106937708645,119.73057017718538] with R2Norm = 6483579.7004627446
Clearing MatLAB workspace... wait for 1 sec.
NewItem35[polyval(K,X)] with Goal(YY') gives K=[-2.6529229210112842E-006,0.00028135280501515383,-0.012264293239633189,0.2821328851633747,-3.6508916662759305,26.111279612086076,-94.199228705562717,145.38680129836669,-37.403451818475176] with R2Norm = 5186221.2640083656
Clearing MatLAB workspace... wait for 1 sec.
NewItemLondon16_8_1[newff(minmax(X),[16 8 1],{'tansig' 'tansig' 'purelin'})] with Goal(YY') gives K=[c:\matlab\work\NewItemLondon16_8_1.mat] with R2Norm = 1282093.3737479185
Clearing MatLAB workspace... wait for 1 sec.
NewItem34[polyval(K,X)] with Goal(YY') gives K=[6.0751496477944694E-018,-1.4983903991484439E-014,1.6304324275803526E-011,-8.1477978400144664E-009,1.986838210520504E-006,-0.00023793716890904034,0.01273681560255558,0.64395601406464786,8.3659000142923698] with R2Norm = 1827934.5832976231
Clearing MatLAB workspace... wait for 1 sec.
NewItem38[X1+X2] has Goal(YY') with K=[0] and R2Norm = 18451104.47548373
... fix X2=[8.3659000142923698 134.5342214330343 127.28448443041377 137.28518711479018 146.53477670486038 114.12419766909908 169.38220195694279 157.64556015200503 152.10334006654529 165.82720365340344 135.449...]. Plan to enhance in [NewItemLondon16_8_1] 
Clearing MatLAB workspace... wait for 1 sec.
  NewItemLondon16_8_1[newff(minmax(X),[16 8 1],{'tansig' 'tansig' 'purelin'})] with Goal([138.63409998570762 4.465778566965696 22.715515569586231 22.714812885209824 -22.534776704860377 70.875802330900925 2.6177980430572063 8.3544398479949677 28.896659933454714 -17.827203653403444 1.550473...]) gives K=[c:\matlab\work\NewItemLondon16_8_1.mat] with R2Norm = 1258738.0303973395
Clearing MatLAB workspace... wait for 1 sec.
NewItem38[X1+X2] has Goal(YY') with K=[0] and R2Norm = 1258738.0303973395
... R2Norm successfully enhanced.
NewItem37 = inline('polyval([-1588320963.7652955,31530078198.133156,-239531619167.23395,903736785011.02405,-2087788180660.4182,4679648362849.5664,-10773863566239.855,14356228455449.15,-6868371994396.8936],X)','X');
NewItem36 = inline('polyval([1.6998517149755261E-007,-2.3182026607715322E-005,0.0012993774767347777,-0.03848552982371034,0.64498979419900593,-6.0927197281989152,30.617341683988478,-71.838106937708645,119.73057017718538],X)','X');
NewItem35 = inline('polyval([-2.6529229210112842E-006,0.00028135280501515383,-0.012264293239633189,0.2821328851633747,-3.6508916662759305,26.111279612086076,-94.199228705562717,145.38680129836669,-37.403451818475176],X)','X');
NewItemLondon16_8_1 = inline('sim(getfield(load(''c:\matlab\work\NewItemLondon16_8_1.mat''),''BestK''),[X1;X2;X3;X4])','X1','X2','X3','X4');
NewItem34 = inline('polyval([6.0751496477944694E-018,-1.4983903991484439E-014,1.6304324275803526E-011,-8.1477978400144664E-009,1.986838210520504E-006,-0.00023793716890904034,0.01273681560255558,0.64395601406464786,8.3659000142923698],X)','X');
NewItem38 = inline('X1+X2','X1','X2');
Elapsed time = 927 sec.
  NewItem38(NewItemLondon16_8_1(X1,X2,X3,X4),NewItem34(X4)) 
