Clearing MatLAB workspace...
NewItem8[polyval(K,X)] with Goal(YY') gives K=[-0.054366947046104168,0.045899002073174655,7.7279577051494606,-17.74589973405687] with R2Norm = 102533.62522059878
Clearing MatLAB workspace...
NewItem25[polyval(K,X)] with Goal(YY') gives K=[-0.054366947046104168,0.045899002073174655,7.7279577051494606,-17.74589973405687] with R2Norm = 102533.62522059878
Clearing MatLAB workspace...
NewItem270[polyval(K,X)] with Goal(YY') gives K=[-0.054366947046104168,0.045899002073174655,7.7279577051494606,-17.74589973405687] with R2Norm = 102533.62522059878
Clearing MatLAB workspace...
NewItem36[polyval(K,X)] with Goal(YY') gives K=[-0.054366947046104168,0.045899002073174655,7.7279577051494606,-17.74589973405687] with R2Norm = 102533.62522059878
Clearing MatLAB workspace...
NewItem53[polyval(K,X)] with Goal(YY') gives K=[-0.054366947046104168,0.045899002073174655,7.7279577051494606,-17.74589973405687] with R2Norm = 102533.62522059878
Clearing MatLAB workspace...
NewItem10[polyval(K,X)] with Goal(YY') gives K=[0.00041507658361873999,-0.022494118361602089,0.38854560589285309,5.9583495982876462] with R2Norm = 366020.37777527096
Clearing MatLAB workspace...
NewItem_12[K(1)*X1+K(2)*X2] has Goal(YY') with K=[0.99881823399846548,0.0034220722128935899] and R2Norm = 102532.55472766364
... fix X1=[19.179421152216655 19.179421152216655 19.179421152216655 19.179421152216655 19.179421152216655 19.179421152216655 19.179421152216655 19.179421152216655 19.179421152216655 19.179421152216655 19.179...]. Plan to enhance in [NewItem10] 
Clearing MatLAB workspace...
NewItem13[polyval(K,X)] with Goal(YY') gives K=[0.00041507658361873999,-0.022494118361602089,0.38854560589285309,5.9583495982876462] with R2Norm = 366020.37777527096
Clearing MatLAB workspace...
NewItem30[polyval(K,X)] with Goal(YY') gives K=[0.00041507658361873999,-0.022494118361602089,0.38854560589285309,5.9583495982876462] with R2Norm = 366020.37777527096
Clearing MatLAB workspace...
NewItem38[polyval(K,X)] with Goal(YY') gives K=[0.00041507658361873999,-0.022494118361602089,0.38854560589285309,5.9583495982876462] with R2Norm = 366020.37777527096
Clearing MatLAB workspace...
NewItem55[polyval(K,X)] with Goal(YY') gives K=[0.00041507658361873999,-0.022494118361602089,0.38854560589285309,5.9583495982876462] with R2Norm = 366020.37777527096
Clearing MatLAB workspace...
NewItem12[polyval(K,X)] with Goal(YY') gives K=[-0.0015429826703624791,0.0045268007448263908,0.72896910985477603,3.6307019900965938] with R2Norm = 356042.16094817582
Clearing MatLAB workspace...
NewItem_23[X1+X2] has Goal(YY') with K=[0] and R2Norm = 494309.21743848943
... fix X2=[10.133011720643852 5.429314493377964 10.376202293030806 7.6769431222228377 9.2201544752523361 7.6769431222228377 10.376202293030806 10.133011720643852 5.429314493377964 10.482396817297975 10.37620...]. Plan to enhance in [NewItem13] 
Clearing MatLAB workspace...
NewItem160[polyval(K,X)] with Goal(YY') gives K=[-0.0015429826703624791,0.0045268007448263908,0.72896910985477603,3.6307019900965938] with R2Norm = 356042.16094817582
Clearing MatLAB workspace...
NewItem28[polyval(K,X)] with Goal(YY') gives K=[-0.0015429826703624791,0.0045268007448263908,0.72896910985477603,3.6307019900965938] with R2Norm = 356042.16094817582
Clearing MatLAB workspace...
NewItem_13[X1+X2] has Goal(YY') with K=[0] and R2Norm = 233081.89693861359
... fix X1=[19.179421152216655 19.179421152216655 19.179421152216655 19.179421152216655 19.179421152216655 19.179421152216655 19.179421152216655 19.179421152216655 19.179421152216655 19.179421152216655 19.179...]. Plan to enhance in [NewItem28] 
Clearing MatLAB workspace...
NewItem40[polyval(K,X)] with Goal(YY') gives K=[-0.0015429826703624791,0.0045268007448263908,0.72896910985477603,3.6307019900965938] with R2Norm = 356042.16094817582
Clearing MatLAB workspace...
NewItem57[polyval(K,X)] with Goal(YY') gives K=[-0.0015429826703624791,0.0045268007448263908,0.72896910985477603,3.6307019900965938] with R2Norm = 356042.16094817582
Clearing MatLAB workspace...
NewItem170[polyval(K,X)] with Goal(YY') gives K=[-0.00068287443653968589,1.4538676305902576,-1029.2357786107316,242222.58479163016] with R2Norm = 315866.89840146591
Clearing MatLAB workspace...
NewItem_34[X1+X2] has Goal(YY') with K=[0] and R2Norm = 443844.41363972612
... fix X2=[9.5118523786368314 9.9829217174847145 9.9829217174847145 10.52369795757113 10.321569326013559 8.9124585561512504 8.9124585561512504 6.3853026528086048 5.3135833618580364 5.3135833618580364 8.91245...]. Plan to enhance in [NewItem160] 
Clearing MatLAB workspace...
NewItem27[polyval(K,X)] with Goal(YY') gives K=[-0.00068287443653968589,1.4538676305902576,-1029.2357786107316,242222.58479163016] with R2Norm = 315866.89840146591
Clearing MatLAB workspace...
NewItem_14[X1+X2] has Goal(YY') with K=[0] and R2Norm = 266648.09505805501
... fix X1=[19.179421152216655 19.179421152216655 19.179421152216655 19.179421152216655 19.179421152216655 19.179421152216655 19.179421152216655 19.179421152216655 19.179421152216655 19.179421152216655 19.179...]. Plan to enhance in [NewItem27] 
Clearing MatLAB workspace...
NewItem31[polyval(K,X)] with Goal(YY') gives K=[-0.00068287443653968589,1.4538676305902576,-1029.2357786107316,242222.58479163016] with R2Norm = 315866.89840146591
Clearing MatLAB workspace...
NewItem_24[X1+X2] has Goal(YY') with K=[0] and R2Norm = 454641.05007491622
... fix X2=[9.5118523786368314 9.9829217174847145 9.9829217174847145 10.52369795757113 10.321569326013559 8.9124585561512504 8.9124585561512504 6.3853026528086048 5.3135833618580364 5.3135833618580364 8.91245...]. Plan to enhance in [NewItem30] 
Clearing MatLAB workspace...
NewItem42[polyval(K,X)] with Goal(YY') gives K=[-0.00068287443653968589,1.4538676305902576,-1029.2357786107316,242222.58479163016] with R2Norm = 315866.89840146591
Clearing MatLAB workspace...
NewItem59[polyval(K,X)] with Goal(YY') gives K=[-0.00068287443653968589,1.4538676305902576,-1029.2357786107316,242222.58479163016] with R2Norm = 315866.89840146591
Clearing MatLAB workspace...
NewItem37[polyval(K,X)] with Goal(YY') gives K=[-0.00040311195780763274,0.0088237817719757066,1.0042329625582733,-0.40121741142205553] with R2Norm = 57028.623755048618
Clearing MatLAB workspace...
NewItem_15[X1+X2] has Goal(YY') with K=[0] and R2Norm = 426537.45279540645
... fix X2=[19.09964917826581 24.588620322521674 16.274251543956034 15.287125068045816 22.459258094147909 19.988058886072633 19.988058886072633 18.182932270812881 17.240326835460671 16.274251543956034 14.2813...]. Plan to enhance in [NewItem36] 
Clearing MatLAB workspace...
NewItem39[polyval(K,X)] with Goal(YY') gives K=[-0.00040311195780763274,0.0088237817719757066,1.0042329625582733,-0.40121741142205553] with R2Norm = 57028.623755048618
Clearing MatLAB workspace...
NewItem_25[X1+X2] has Goal(YY') with K=[0] and R2Norm = 196272.97476248341
... fix X2=[19.09964917826581 24.588620322521674 16.274251543956034 15.287125068045816 22.459258094147909 19.988058886072633 19.988058886072633 18.182932270812881 17.240326835460671 16.274251543956034 14.2813...]. Plan to enhance in [NewItem38] 
Clearing MatLAB workspace...
NewItem41[polyval(K,X)] with Goal(YY') gives K=[-0.00040311195780763274,0.0088237817719757066,1.0042329625582733,-0.40121741142205553] with R2Norm = 57028.623755048618
Clearing MatLAB workspace...
NewItem_35[X1+X2] has Goal(YY') with K=[0] and R2Norm = 192004.9014924462
... fix X2=[19.09964917826581 24.588620322521674 16.274251543956034 15.287125068045816 22.459258094147909 19.988058886072633 19.988058886072633 18.182932270812881 17.240326835460671 16.274251543956034 14.2813...]. Plan to enhance in [NewItem40] 
Clearing MatLAB workspace...
NewItem43[polyval(K,X)] with Goal(YY') gives K=[-0.00040311195780763274,0.0088237817719757066,1.0042329625582733,-0.40121741142205553] with R2Norm = 57028.623755048618
Clearing MatLAB workspace...
NewItem_45[X1+X2] has Goal(YY') with K=[0] and R2Norm = 237599.40834355899
... fix X2=[19.09964917826581 24.588620322521674 16.274251543956034 15.287125068045816 22.459258094147909 19.988058886072633 19.988058886072633 18.182932270812881 17.240326835460671 16.274251543956034 14.2813...]. Plan to enhance in [NewItem42] 
Clearing MatLAB workspace...
NewItem61[polyval(K,X)] with Goal(YY') gives K=[-0.00040311195780763274,0.0088237817719757066,1.0042329625582733,-0.40121741142205553] with R2Norm = 57028.623755048618
Clearing MatLAB workspace...
NewItem54[polyval(K,X)] with Goal(YY') gives K=[-0.00025418525047871392,0.0038699503217971029,1.0218193496561301,-0.019867431481296834] with R2Norm = 40575.459191955044
Clearing MatLAB workspace...
NewItem_16[X1+X2] has Goal(YY') with K=[0] and R2Norm = 420775.83427925018
... fix X2=[24.69596211469905 16.278806659436029 15.320286415399345 22.436509388265847 19.931017686530435 19.931017686530435 18.144336385799445 17.220665020070353 16.278806659436029 14.346629399463165 21.6266...]. Plan to enhance in [NewItem53] 
Clearing MatLAB workspace...
NewItem56[polyval(K,X)] with Goal(YY') gives K=[-0.00025418525047871392,0.0038699503217971029,1.0218193496561301,-0.019867431481296834] with R2Norm = 40575.459191955044
Clearing MatLAB workspace...
NewItem_26[X1+X2] has Goal(YY') with K=[0] and R2Norm = 179986.82362075505
... fix X2=[24.69596211469905 16.278806659436029 15.320286415399345 22.436509388265847 19.931017686530435 19.931017686530435 18.144336385799445 17.220665020070353 16.278806659436029 14.346629399463165 21.6266...]. Plan to enhance in [NewItem55] 
Clearing MatLAB workspace...
NewItem58[polyval(K,X)] with Goal(YY') gives K=[-0.00025418525047871392,0.0038699503217971029,1.0218193496561301,-0.019867431481296834] with R2Norm = 40575.459191955044
Clearing MatLAB workspace...
NewItem_36[X1+X2] has Goal(YY') with K=[0] and R2Norm = 174263.6977047773
... fix X2=[24.69596211469905 16.278806659436029 15.320286415399345 22.436509388265847 19.931017686530435 19.931017686530435 18.144336385799445 17.220665020070353 16.278806659436029 14.346629399463165 21.6266...]. Plan to enhance in [NewItem57] 
Clearing MatLAB workspace...
NewItem60[polyval(K,X)] with Goal(YY') gives K=[-0.00025418525047871392,0.0038699503217971029,1.0218193496561301,-0.019867431481296834] with R2Norm = 40575.459191955044
Clearing MatLAB workspace...
NewItem_46[X1+X2] has Goal(YY') with K=[0] and R2Norm = 224761.64612607253
... fix X2=[24.69596211469905 16.278806659436029 15.320286415399345 22.436509388265847 19.931017686530435 19.931017686530435 18.144336385799445 17.220665020070353 16.278806659436029 14.346629399463165 21.6266...]. Plan to enhance in [NewItem59] 
Clearing MatLAB workspace...
NewItem62[polyval(K,X)] with Goal(YY') gives K=[-0.00025418525047871392,0.0038699503217971029,1.0218193496561301,-0.019867431481296834] with R2Norm = 40575.459191955044
Clearing MatLAB workspace...
NewItem_56[X1+X2] has Goal(YY') with K=[0] and R2Norm = 471927.35189997917
... fix X2=[24.69596211469905 16.278806659436029 15.320286415399345 22.436509388265847 19.931017686530435 19.931017686530435 18.144336385799445 17.220665020070353 16.278806659436029 14.346629399463165 21.6266...]. Plan to enhance in [NewItem61] 
Clearing MatLAB workspace...
NET[newff(minmax(X),[11 8 1],{'tansig' 'tansig' 'purelin'})] with Goal(YY') gives K=[c:\matlab\work\NET.mat] with R2Norm = 23435.482890343017
Clearing MatLAB workspace...
  NewItem36[polyval(K,X)] with Goal([-3.0996491782658104 -9.588620322521674 6.7257484560439664 4.7128749319541843 -2.4592580941479092 -1.9880588860726327 -2.9880588860726327 -2.1829322708128807 -3.2403268354606709 5.7257484560439664 4.7...]) gives K=[0.0063887466523148322,-0.19566103782151428,1.5484507211427683,-2.7282482814837192] with R2Norm = 55633.787709705022
Clearing MatLAB workspace...
  NewItem53[polyval(K,X)] with Goal([-8.69596211469905 -1.2788066594360288 7.6797135846006555 -2.4365093882658471 0.068982313469565071 -1.9310176865304349 -1.1443363857994449 -1.2206650200703528 -2.2788066594360288 7.6533706005368352 -2...]) gives K=[0.002127417842455829,-0.088327454514359846,0.81401742243351571,-1.6025781412586189] with R2Norm = 40014.545737655462
Clearing MatLAB workspace...
  NewItem10[polyval(K,X)] with Goal([-3.1794211522166549 -4.1794211522166549 3.8205788477833451 0.82057884778334511 0.82057884778334511 -1.1794211522166549 -2.1794211522166549 -3.1794211522166549 -5.1794211522166549 2.8205788477833451 -...]) gives K=[0.0002900362418442892,-0.018259287328517882,0.33177242995583395,-1.4796042969497698] with R2Norm = 102236.54240179165
Clearing MatLAB workspace...
NewItem_12[K(1)*X1+K(2)*X2] has Goal(YY') with K=[0.99996094586042672,1.0000020362117799] and R2Norm = 102236.5417871847
... R2Norm successfully enhanced.
Clearing MatLAB workspace...
  NewItem13[polyval(K,X)] with Goal([5.8669882793561481 9.570685506622036 12.623797706969194 12.323056877777162 10.779845524747664 10.323056877777162 6.623797706969194 5.8669882793561481 8.570685506622036 11.517603182702025 8.6237977069...]) gives K=[0.00038885635661739922,-0.02111900422741814,0.37418212079575242,-1.9640984672929698] with R2Norm = 355400.31548866321
Clearing MatLAB workspace...
  NewItem30[polyval(K,X)] with Goal([6.4881476213631686 5.0170782825152855 13.017078282515286 9.4763020424288698 9.6784306739864405 9.0875414438487496 8.0875414438487496 9.6146973471913952 8.6864166381419636 16.686416638141964 10.087541...]) gives K=[0.00036865033960630915,-0.018123331747833985,0.27408113329395939,-1.2077233330569956] with R2Norm = 315633.13388382131
Clearing MatLAB workspace...
  NewItem38[polyval(K,X)] with Goal([-3.0996491782658104 -9.588620322521674 6.7257484560439664 4.7128749319541843 -2.4592580941479092 -1.9880588860726327 -2.9880588860726327 -2.1829322708128807 -3.2403268354606709 5.7257484560439664 4.7...]) gives K=[0.00015575813055637708,-0.0089637155574012681,0.14770435704892038,-0.58814385106536438] with R2Norm = 56985.231179185779
Clearing MatLAB workspace...
  NewItem55[polyval(K,X)] with Goal([-8.69596211469905 -1.2788066594360288 7.6797135846006555 -2.4365093882658471 0.068982313469565071 -1.9310176865304349 -1.1443363857994449 -1.2206650200703528 -2.2788066594360288 7.6533706005368352 -2...]) gives K=[5.8465876502440056E-006,-0.0010670326226653699,0.028841641253154696,-0.15171800358233603] with R2Norm = 40568.771726007857
Clearing MatLAB workspace...
NewItem_23[X1+X2] has Goal(YY') with K=[0] and R2Norm = 355400.31548866309
... R2Norm successfully enhanced.
Clearing MatLAB workspace...
  NewItem160[polyval(K,X)] with Goal([6.4881476213631686 5.0170782825152855 13.017078282515286 9.4763020424288698 9.6784306739864405 9.0875414438487496 8.0875414438487496 9.6146973471913952 8.6864166381419636 16.686416638141964 10.087541...]) gives K=[-0.0013387864017492738,-0.0040544010618556925,0.82408766252168641,-4.4003604235566387] with R2Norm = 304935.08949332655
Clearing MatLAB workspace...
  NewItem28[polyval(K,X)] with Goal([-3.1794211522166549 -4.1794211522166549 3.8205788477833451 0.82057884778334511 0.82057884778334511 -1.1794211522166549 -2.1794211522166549 -3.1794211522166549 -5.1794211522166549 2.8205788477833451 -...]) gives K=[0.00013627557272589093,-0.052526019886362886,1.1955579639839422,-4.3196231610108526] with R2Norm = 93917.739661432308
Clearing MatLAB workspace...
NewItem_13[X1+X2] has Goal(YY') with K=[0] and R2Norm = 93917.739661432308
... R2Norm successfully enhanced.
Clearing MatLAB workspace...
  NewItem40[polyval(K,X)] with Goal([-3.0996491782658104 -9.588620322521674 6.7257484560439664 4.7128749319541843 -2.4592580941479092 -1.9880588860726327 -2.9880588860726327 -2.1829322708128807 -3.2403268354606709 5.7257484560439664 4.7...]) gives K=[-0.00062088938118913777,-0.01293092617573126,0.6718760246514256,-3.4155000020689621] with R2Norm = 52007.812179569068
Clearing MatLAB workspace...
  NewItem57[polyval(K,X)] with Goal([-8.69596211469905 -1.2788066594360288 7.6797135846006555 -2.4365093882658471 0.068982313469565071 -1.9310176865304349 -1.1443363857994449 -1.2206650200703528 -2.2788066594360288 7.6533706005368352 -2...]) gives K=[0.00016860985354369442,-0.045731450797190085,1.0229657312906935,-3.7639741184633011] with R2Norm = 34559.201184698009
Clearing MatLAB workspace...
NewItem_34[X1+X2] has Goal(YY') with K=[0] and R2Norm = 304935.08949332655
... R2Norm successfully enhanced.
Clearing MatLAB workspace...
  NewItem27[polyval(K,X)] with Goal([-3.1794211522166549 -4.1794211522166549 3.8205788477833451 0.82057884778334511 0.82057884778334511 -1.1794211522166549 -2.1794211522166549 -3.1794211522166549 -5.1794211522166549 2.8205788477833451 -...]) gives K=[-0.00063399093322478821,1.3997257556549751,-1029.9009113939308,252545.26735705207] with R2Norm = 99015.098575709097
Clearing MatLAB workspace...
NewItem_14[X1+X2] has Goal(YY') with K=[0] and R2Norm = 99015.098575709097
... R2Norm successfully enhanced.
Clearing MatLAB workspace...
NewItem_24[X1+X2] has Goal(YY') with K=[0] and R2Norm = 315633.13388382137
... R2Norm successfully enhanced.
Clearing MatLAB workspace...
  NewItem42[polyval(K,X)] with Goal([-3.0996491782658104 -9.588620322521674 6.7257484560439664 4.7128749319541843 -2.4592580941479092 -1.9880588860726327 -2.9880588860726327 -2.1829322708128807 -3.2403268354606709 5.7257484560439664 4.7...]) gives K=[-0.00043390824545168534,0.96197613659857539,-710.74006240635731,174999.13947269105] with R2Norm = 56154.381479433185
Clearing MatLAB workspace...
  NewItem59[polyval(K,X)] with Goal([-8.69596211469905 -1.2788066594360288 7.6797135846006555 -2.4365093882658471 0.068982313469565071 -1.9310176865304349 -1.1443363857994449 -1.2206650200703528 -2.2788066594360288 7.6533706005368352 -2...]) gives K=[-0.00011661655148218672,0.25477908444758263,-185.36165928712288,44906.09096837986] with R2Norm = 39997.964542423375
Clearing MatLAB workspace...
NewItem_15[X1+X2] has Goal(YY') with K=[0] and R2Norm = 55633.787709705022
... R2Norm successfully enhanced.
Clearing MatLAB workspace...
NewItem_25[X1+X2] has Goal(YY') with K=[0] and R2Norm = 56985.231179185772
... R2Norm successfully enhanced.
Clearing MatLAB workspace...
NewItem_35[X1+X2] has Goal(YY') with K=[0] and R2Norm = 52007.812179569068
... R2Norm successfully enhanced.
Clearing MatLAB workspace...
NewItem_45[X1+X2] has Goal(YY') with K=[0] and R2Norm = 56154.381479433185
... R2Norm successfully enhanced.
Clearing MatLAB workspace...
  NewItem61[polyval(K,X)] with Goal([-8.69596211469905 -1.2788066594360288 7.6797135846006555 -2.4365093882658471 0.068982313469565071 -1.9310176865304349 -1.1443363857994449 -1.2206650200703528 -2.2788066594360288 7.6533706005368352 -2...]) gives K=[1.3965716246947045E-006,0.0026121752203337911,-0.012771196943370538,-0.49885231762117804] with R2Norm = 39796.974877568719
Clearing MatLAB workspace...
NewItem_16[X1+X2] has Goal(YY') with K=[0] and R2Norm = 40014.545737655462
... R2Norm successfully enhanced.
Clearing MatLAB workspace...
NewItem_26[X1+X2] has Goal(YY') with K=[0] and R2Norm = 40568.771726007864
... R2Norm successfully enhanced.
Clearing MatLAB workspace...
NewItem_36[X1+X2] has Goal(YY') with K=[0] and R2Norm = 34559.201184698009
... R2Norm successfully enhanced.
Clearing MatLAB workspace...
NewItem_46[X1+X2] has Goal(YY') with K=[0] and R2Norm = 39997.964542423375
... R2Norm successfully enhanced.
Clearing MatLAB workspace...
NewItem_56[X1+X2] has Goal(YY') with K=[0] and R2Norm = 39796.974877568719
... R2Norm successfully enhanced.
Filter(NewItem33). Selected: [NewItem_36,NewItem_56,NewItem_46,NewItem_16,NewItem_26,NewItem_35,NewItem_15,NewItem_45]
Clearing MatLAB workspace...
  NewItem190[polyval(K,X)] with Goal(YY') gives K=[-1.6149987265385005E-005,0.00095195520089728773,0.98871095327230729,-0.052756827111676154] with R2Norm = 34521.991268436832
Clearing MatLAB workspace...
  NewItem21[polyval(K,X)] with Goal(YY') gives K=[2.1146633171365335E-005,-0.0026864962420370549,1.0072575976324871,0.43895392762121743] with R2Norm = 39347.494679260337
Clearing MatLAB workspace...
  NewItem20[X1+X2] has Goal(YY') with K=[0] and R2Norm = 499526.20296035818
  ... fix X2=[26.297731063605752 14.616999857319421 17.132659264381548 22.177154396034108 20.725330474889308 19.653348671082004 19.977406565489868 18.771729412029067 14.616999857319421 16.470786191329076 23.484...]. Plan to enhance in [NewItem21] 
Clearing MatLAB workspace...
  NewItem16[polyval(K,X)] with Goal(YY') gives K=[-1.1427914121712745E-005,0.00013219551524011418,0.99678375690316157,0.039918599335409637] with R2Norm = 39982.793119084345
Clearing MatLAB workspace...
  NewItem15[polyval(K,X)] with Goal(YY') gives K=[1.6952070378837279E-005,-1.1779521338860293E-005,0.96142657824957867,0.24210587801655373] with R2Norm = 39671.596057656352
Clearing MatLAB workspace...
  NewItem17[X1+X2] has Goal(YY') with K=[0] and R2Norm = 504796.13408176164
  ... fix X1=[24.576782234272297 16.300119149782521 15.366226192850009 22.340005799450541 19.873301525273188 19.873301525273188 18.122190928730234 17.219270018128679 16.300119149782521 14.419061581876736 21.541...]. Plan to enhance in [NewItem16] 
Clearing MatLAB workspace...
  NewItem48[polyval(K,X)] with Goal(YY') gives K=[-1.9932908681768575E-005,0.00042580231260743682,1.0028553793974564,-0.038567270053992603] with R2Norm = 40565.252384484535
Clearing MatLAB workspace...
  NewItem49[polyval(K,X)] with Goal(YY') gives K=[-4.7578356620790818E-005,0.0013651776958171573,0.99370972518756451,-0.050299310489355292] with R2Norm = 51973.010170509973
Clearing MatLAB workspace...
  NewItem50[X1+X2] has Goal(YY') with K=[0] and R2Norm = 466348.69562191464
  ... fix X1=[24.731882947691023 16.358683531614034 15.391339049751517 22.479597955307465 19.978932897092999 19.978932897092999 18.185376280729709 17.262440294379299 16.320270509242654 14.371571640199235 21.641...]. Plan to enhance in [NewItem49] 
Clearing MatLAB workspace...
  NewItem69[polyval(K,X)] with Goal(YY') gives K=[1.9464782528151054E-005,-7.8017029664387112E-005,0.94765583217332217,0.35332883026710005] with R2Norm = 54939.322827696684
Clearing MatLAB workspace...
  NewItem70[polyval(K,X)] with Goal(YY') gives K=[-7.0505196502168138E-005,0.0017484304237258665,0.9929785814135843,-0.039630752989603175] with R2Norm = 56081.701579733279
Clearing MatLAB workspace...
  NewItem71[X1+X2] has Goal(YY') with K=[0] and R2Norm = 504218.7117498868
  ... fix X1=[18.954762323427715 24.296875887753071 16.231103516787481 15.283029382444463 22.215661563620966 19.814558233276504 19.814558233276504 18.069325955721283 17.160649470346641 16.231103516787481 14.318...]. Plan to enhance in [NewItem70] 
Clearing MatLAB workspace...
    NewItem21[polyval(K,X)] with Goal([-10.297731063605752 0.38300014268057936 5.8673407356184519 -2.1771543960341084 -0.72533047488930791 -1.6533486710820036 -2.9774065654898685 -2.7717294120290674 -0.61699985731942064 5.5292138086709244...]) gives K=[-3.5829574431276436E-005,-8.1646290607237233E-005,0.019611773840727265,0.0059231792998960054] with R2Norm = 34476.176235849896
Clearing MatLAB workspace...
  NewItem20[X1+X2] has Goal(YY') with K=[0] and R2Norm = 34476.176235849896
  ... R2Norm successfully enhanced.
Clearing MatLAB workspace...
    NewItem22[polyval(K,X)] with Goal(YY') gives K=[3.4283244604800428E-005,0.00013800473105007866,0.98092497422837932,-0.0071883557023395871] with R2Norm = 34433.377396120835
Clearing MatLAB workspace...
    NewItem16[polyval(K,X)] with Goal([-8.5767822342722972 -1.3001191497825211 7.633773807149991 -2.340005799450541 0.12669847472681184 -1.8733015252731882 -1.1221909287302338 -1.2192700181286789 -2.3001191497825211 7.5809384181232637 -2....]) gives K=[3.6085501251212065E-006,-0.00012376892672239689,0.00068073196465555006,0.0073507373270893473] with R2Norm = 39671.193035234202
Clearing MatLAB workspace...
  NewItem17[X1+X2] has Goal(YY') with K=[0] and R2Norm = 39671.193035234202
  ... R2Norm successfully enhanced.
Clearing MatLAB workspace...
    NewItem23[polyval(K,X)] with Goal(YY') gives K=[-2.9502413030832038E-006,0.00011118957275535739,0.99919039866915471,-0.0060666019886365663] with R2Norm = 39670.838226274012
Clearing MatLAB workspace...
    NewItem24[X1+X2] has Goal(YY') with K=[0] and R2Norm = 499217.67537879822
    ... fix X2=[26.39150048655759 14.604717291932102 17.172754014096896 22.192775520714893 20.753160513229247 19.659269034730169 20.035774618452812 18.819455864301542 14.617057043555947 16.507116094541939 23.5861...]. Plan to enhance in [NewItem23,NewItem15,NewItem16] 
Clearing MatLAB workspace...
    NewItem49[polyval(K,X)] with Goal([-8.7318829476910231 -1.3586835316140338 7.608660950248483 -2.4795979553074652 0.021067102907000645 -1.9789328970929994 -1.1853762807297095 -1.2624402943792994 -2.3202705092426541 7.6284283598007647 -...]) gives K=[0.00019702874442419525,-0.00010839625952966987,-0.043120788225062455,-0.38596207636443786] with R2Norm = 38998.903154099222
Clearing MatLAB workspace...
  NewItem50[X1+X2] has Goal(YY') with K=[0] and R2Norm = 38998.903154099215
  ... R2Norm successfully enhanced.
Clearing MatLAB workspace...
    NewItem51[polyval(K,X)] with Goal(YY') gives K=[-3.1598061364308869E-005,-0.0014215366695555878,1.0021766466147928,0.42679014889396893] with R2Norm = 38307.868009226295
Clearing MatLAB workspace...
    NewItem70[polyval(K,X)] with Goal([-2.9547623234277154 -9.2968758877530711 6.7688964832125187 4.7169706175555373 -2.2156615636209658 -1.8145582332765038 -2.8145582332765038 -2.0693259557212826 -3.160649470346641 5.7688964832125187 4.6...]) gives K=[6.7422317923540798E-007,0.00013343935546797386,-0.0020736180827776655,-0.013513577309792883] with R2Norm = 54938.459707385307
Clearing MatLAB workspace...
  NewItem71[X1+X2] has Goal(YY') with K=[0] and R2Norm = 54938.459707385315
  ... R2Norm successfully enhanced.
Clearing MatLAB workspace...
    NewItem72[polyval(K,X)] with Goal(YY') gives K=[1.4351470384231376E-006,-0.00017457688184841329,1.0017901818486679,0.015915052391219403] with R2Norm = 54937.669062646106
Clearing MatLAB workspace...
    NewItem73[X1+X2] has Goal(YY') with K=[0] and R2Norm = 475728.25901202374
    ... fix X1=[24.21239141378009 17.215445618945548 15.345399638447995 21.541640416508187 20.579118395621926 19.865753574978612 18.567662376323604 17.346104395969324 15.965187164078582 14.402828241703352 20.8572...]. Plan to enhance in [NewItem72,NewItem69,NewItem70] 
Clearing MatLAB workspace...
      NewItem16[polyval(K,X)] with Goal([-10.39150048655759 0.39528270806789756 5.8272459859031045 -2.1927755207148927 -0.75316051322924693 -1.6592690347301691 -3.0357746184528125 -2.8194558643015419 -0.61705704355594726 5.4928839054580614 ...]) gives K=[-5.8770484110172598E-005,-7.9933633375894575E-007,0.027667993729011849,-0.00028580121600507176] with R2Norm = 34349.809635576115
Clearing MatLAB workspace...
      NewItem15[polyval(K,X)] with Goal([-10.39150048655759 0.39528270806789756 5.8272459859031045 -2.1927755207148927 -0.75316051322924693 -1.6592690347301691 -3.0357746184528125 -2.8194558643015419 -0.61705704355594726 5.4928839054580614 ...]) gives K=[-5.9426436585510579E-005,7.5795831579217259E-005,0.02746464853102086,-0.0050559307039925233] with R2Norm = 34350.400847000106
Clearing MatLAB workspace...
      NewItem17[X1+X2] has Goal([-10.39150048655759 0.39528270806789756 5.8272459859031045 -2.1927755207148927 -0.75316051322924693 -1.6592690347301691 -3.0357746184528125 -2.8194558643015419 -0.61705704355594726 5.4928839054580614 ...]) with K=[0] and R2Norm = 34432.562707316007
      ... fix X2=[-0.18638334521594854 0.1979891005405017 0.21323584890117342 -0.051456084055042962 0.084457605630437332 0.099373726910919558 0.1602568120382637 0.19302553782704385 0.2116690272394576 0.228841890820...]. Plan to enhance in [NewItem15] 
Clearing MatLAB workspace...
      NewItem69[polyval(K,X)] with Goal([-8.2123914137800895 -2.215445618945548 7.6546003615520046 -1.5416404165081872 -0.57911839562192569 -1.8657535749786121 -1.5676623763236037 -1.3461043959693235 -1.9651871640785821 7.597171758296648 -1...]) gives K=[-9.7783174516491274E-005,0.0031917294633694408,0.016594083568447982,-0.43325036599065914] with R2Norm = 38046.30143427688
Clearing MatLAB workspace...
      NewItem70[polyval(K,X)] with Goal([-8.2123914137800895 -2.215445618945548 7.6546003615520046 -1.5416404165081872 -0.57911839562192569 -1.8657535749786121 -1.5676623763236037 -1.3461043959693235 -1.9651871640785821 7.597171758296648 -1...]) gives K=[-0.00010280180480047922,0.0034070821822045788,0.01466146282101358,-0.43042727890084714] with R2Norm = 38044.77530671197
Clearing MatLAB workspace...
      NewItem71[X1+X2] has Goal([-8.2123914137800895 -2.215445618945548 7.6546003615520046 -1.5416404165081872 -0.57911839562192569 -1.8657535749786121 -1.5676623763236037 -1.3461043959693235 -1.9651871640785821 7.597171758296648 -1...]) with K=[0] and R2Norm = 38302.206902968363
      ... fix X2=[0.36796870888336236 0.4620943923083089 0.26315078366252204 0.23116932120432304 0.45339863230417993 0.39112338313004763 0.39112338313004763 0.31037418104476538 0.2640687373163067 0.2200549346238115...]. Plan to enhance in [NewItem69] 
Clearing MatLAB workspace...
        NewItem15[polyval(K,X)] with Goal([-10.20511714134164 0.19729360752739586 5.6140101370019311 -2.1413194366598498 -0.83761811885968429 -1.7586427616410887 -3.1960314304910762 -3.0124814021285857 -0.82872607079540483 5.264042014637293 -...]) gives K=[-3.9965945825087543E-006,0.00010964993296645997,0.0002878954960836777,-0.010902235991930994] with R2Norm = 34349.56319208783
Clearing MatLAB workspace...
      NewItem17[X1+X2] has Goal([-10.39150048655759 0.39528270806789756 5.8272459859031045 -2.1927755207148927 -0.75316051322924693 -1.6592690347301691 -3.0357746184528125 -2.8194558643015419 -0.61705704355594726 5.4928839054580614 ...]) with K=[0] and R2Norm = 34349.56319208783
      ... R2Norm successfully enhanced.
Clearing MatLAB workspace...
        NewItem23[polyval(K,X)] with Goal([-10.39150048655759 0.39528270806789756 5.8272459859031045 -2.1927755207148927 -0.75316051322924693 -1.6592690347301691 -3.0357746184528125 -2.8194558643015419 -0.61705704355594726 5.4928839054580614 ...]) gives K=[10.82115745264494,6.8410889894654145,0.66867878887332344,-0.18645923437025846] with R2Norm = 34292.544664034234
Clearing MatLAB workspace...
    NewItem24[X1+X2] has Goal(YY') with K=[0] and R2Norm = 34292.544664034234
    ... R2Norm successfully enhanced.
Clearing MatLAB workspace...
        NewItem74[polyval(K,X)] with Goal(YY') gives K=[6.5311517165250998E-005,-0.00042649004057360293,0.97199527625463178,0.065746192856265526] with R2Norm = 34214.403122743126
Clearing MatLAB workspace...
        NewItem69[polyval(K,X)] with Goal([-8.5803601226634516 -2.677540011253857 7.3914495778894826 -1.7728097377125103 -1.0325170279261056 -2.2568769581086596 -1.9587857594536513 -1.6564785770140888 -2.2292559013948887 7.3771168236728366 -2...]) gives K=[-6.2031693685587877E-006,0.00010778998520434704,0.0010558943686747118,-0.0070704363543892292] with R2Norm = 38044.518922625983
Clearing MatLAB workspace...
      NewItem71[X1+X2] has Goal([-8.2123914137800895 -2.215445618945548 7.6546003615520046 -1.5416404165081872 -0.57911839562192569 -1.8657535749786121 -1.5676623763236037 -1.3461043959693235 -1.9651871640785821 7.597171758296648 -1...]) with K=[0] and R2Norm = 38044.51892262599
      ... R2Norm successfully enhanced.
Clearing MatLAB workspace...
        NewItem72[polyval(K,X)] with Goal([-8.2123914137800895 -2.215445618945548 7.6546003615520046 -1.5416404165081872 -0.57911839562192569 -1.8657535749786121 -1.5676623763236037 -1.3461043959693235 -1.9651871640785821 7.597171758296648 -1...]) gives K=[2.1192423096834774,0.592401647021084,0.62263330358570201,-0.072420576560433783] with R2Norm = 38020.266444718516
Clearing MatLAB workspace...
    NewItem73[X1+X2] has Goal(YY') with K=[0] and R2Norm = 38020.266444718516
    ... R2Norm successfully enhanced.
Clearing MatLAB workspace...
        NewItem75[polyval(K,X)] with Goal(YY') gives K=[4.7928717967012265E-005,-0.0019063625514916069,0.98727770558448857,0.32330238338306316] with R2Norm = 37835.082071279154
Clearing MatLAB workspace...
        NewItem52[X1+X2] has Goal(YY') with K=[0] and R2Norm = 499747.79023873236
        ... fix X1=[26.464038246694763 14.700269486309702 17.367624733120994 21.927092011028162 20.575017427569779 19.479434834100449 20.066205348302603 18.954906034591794 14.781152248738724 16.77273975408438 23.4382...]. Plan to enhance in [NewItem75,NewItem51,NewItem48,NewItem49,NewItem72,NewItem69,NewItem70] 
Clearing MatLAB workspace...
          NewItem48[polyval(K,X)] with Goal([-10.464038246694763 0.29973051369029768 5.6323752668790057 -1.9270920110281615 -0.57501742756977947 -1.4794348341004486 -3.0662053483026028 -2.9549060345917937 -0.78115224873872435 5.2272602459156197...]) gives K=[-5.0675181698118552E-005,6.9909177549535423E-006,0.021920100541733524,0.010791488534827157] with R2Norm = 34155.92816150307
Clearing MatLAB workspace...
          NewItem49[polyval(K,X)] with Goal([-10.464038246694763 0.29973051369029768 5.6323752668790057 -1.9270920110281615 -0.57501742756977947 -1.4794348341004486 -3.0662053483026028 -2.9549060345917937 -0.78115224873872435 5.2272602459156197...]) gives K=[-2.0897210942081141E-005,0.0033281402363943232,-0.017617945027750461,-0.46602926881371831] with R2Norm = 33682.567062697875
Clearing MatLAB workspace...
          NewItem50[X1+X2] has Goal([-10.464038246694763 0.29973051369029768 5.6323752668790057 -1.9270920110281615 -0.57501742756977947 -1.4794348341004486 -3.0662053483026028 -2.9549060345917937 -0.78115224873872435 5.2272602459156197...]) with K=[0] and R2Norm = 33439.994050421599
          ... fix X2=[0.39889757635168843 0.64375638287105119 0.16772919697856981 -0.04036899806558808 0.66873254023405371 0.33402269082867375 0.50004112452122917 0.31553760109955453 -0.00055152128645874487 0.176876699...]. Plan to enhance in [NewItem48] 
Clearing MatLAB workspace...
          NewItem69[polyval(K,X)] with Goal([-10.464038246694763 0.29973051369029768 5.6323752668790057 -1.9270920110281615 -0.57501742756977947 -1.4794348341004486 -3.0662053483026028 -2.9549060345917937 -0.78115224873872435 5.2272602459156197...]) gives K=[-2.2791278054809943E-005,0.002394267920543714,-0.00011251993493636075,-0.42578702496165977] with R2Norm = 33836.246949417473
Clearing MatLAB workspace...
          NewItem70[polyval(K,X)] with Goal([-10.464038246694763 0.29973051369029768 5.6323752668790057 -1.9270920110281615 -0.57501742756977947 -1.4794348341004486 -3.0662053483026028 -2.9549060345917937 -0.78115224873872435 5.2272602459156197...]) gives K=[-2.3463275944492129E-005,0.0025466599578423937,-0.0018925787753105274,-0.41975078475397892] with R2Norm = 33832.795186626303
Clearing MatLAB workspace...
          NewItem71[X1+X2] has Goal([-10.464038246694763 0.29973051369029768 5.6323752668790057 -1.9270920110281615 -0.57501742756977947 -1.4794348341004486 -3.0662053483026028 -2.9549060345917937 -0.78115224873872435 5.2272602459156197...]) with K=[0] and R2Norm = 34210.848597791351
          ... fix X2=[0.29223119185986052 0.716741759828458 0.11673449748473069 0.073572455346723575 0.56020191076317638 0.34331641521381057 0.34331641521381057 0.18777623538661442 0.11802575379083952 0.059328556378174...]. Plan to enhance in [NewItem69] 
Clearing MatLAB workspace...
          NewItem73[X1+X2] has Goal([-10.464038246694763 0.29973051369029768 5.6323752668790057 -1.9270920110281615 -0.57501742756977947 -1.4794348341004486 -3.0662053483026028 -2.9549060345917937 -0.78115224873872435 5.2272602459156197...]) with K=[0] and R2Norm = 511862.60959640302
          ... fix X2=[0.35901065356708323 0.52545356817518196 0.18752562143225604 0.14457847404016405 0.52737298504604313 0.40240717229544071 0.40240717229544071 0.25747339090333576 0.18783194843099021 0.13012854760970...]. Plan to enhance in [NewItem51,NewItem48,NewItem49] 
Clearing MatLAB workspace...
            NewItem48[polyval(K,X)] with Goal(mean([[-10.862935823046451 -0.34402586918075351 5.4646460699004358 -1.8867230129625734 -1.2437499678038333 -1.8134575249291225 -3.5662464728238321 -3.2704436356913482 -0.78060072745226561 5.0503835464...]) gives K=[-2.1937538686948388E-005,-0.0021140643213056688,0.018815919898435868,0.37321079672870949] with R2Norm = 33288.087878598591
Clearing MatLAB workspace...
            NewItem49[polyval(K,X)] with Goal([-10.823048900261846 -0.22572305448488428 5.4448496454467499 -2.0716704850683256 -1.1023904126158226 -1.8818420063958894 -3.4686125205980436 -3.2123794254951292 -0.96898419716971462 5.0971316983059101...]) gives K=[6.1081041451252892E-005,0.00036615405971932317,-0.029672964525975735,-0.07308656061311905] with R2Norm = 33724.276047565239
Clearing MatLAB workspace...
          NewItem50[X1+X2] has Goal([-10.823048900261846 -0.22572305448488428 5.4448496454467499 -2.0716704850683256 -1.1023904126158226 -1.8818420063958894 -3.4686125205980436 -3.2123794254951292 -0.96898419716971462 5.0971316983059101...]) with K=[0] and R2Norm = 33113.483071938164
          ... R2Norm successfully enhanced.
Clearing MatLAB workspace...
            NewItem51[polyval(K,X)] with Goal([-10.823048900261846 -0.22572305448488428 5.4448496454467499 -2.0716704850683256 -1.1023904126158226 -1.8818420063958894 -3.4686125205980436 -3.2123794254951292 -0.96898419716971462 5.0971316983059101...]) gives K=[-1.1853587817843201,-2.3726288391830224,1.6381999976123829,0.22797889731595211] with R2Norm = 32739.803520378671
Clearing MatLAB workspace...
            NewItem69[polyval(K,X)] with Goal([-10.756269438554623 -0.41701124613816032 5.5156407693942748 -2.0006644663748849 -1.1352193383329559 -1.8227512493142592 -3.4095217635164135 -3.1426822699784083 -0.89917800252956392 5.1679316895374452...]) gives K=[-4.1509601599029741E-006,6.6418611755250651E-005,0.00097511233797517095,-0.0056198381223974796] with R2Norm = 33832.670664349353
Clearing MatLAB workspace...
          NewItem71[X1+X2] has Goal([-10.464038246694763 0.29973051369029768 5.6323752668790057 -1.9270920110281615 -0.57501742756977947 -1.4794348341004486 -3.0662053483026028 -2.9549060345917937 -0.78115224873872435 5.2272602459156197...]) with K=[0] and R2Norm = 33832.670664349353
          ... R2Norm successfully enhanced.
Clearing MatLAB workspace...
            NewItem72[polyval(K,X)] with Goal([-10.464038246694763 0.29973051369029768 5.6323752668790057 -1.9270920110281615 -0.57501742756977947 -1.4794348341004486 -3.0662053483026028 -2.9549060345917937 -0.78115224873872435 5.2272602459156197...]) gives K=[-1.8057496181149155,1.4170785143963132,1.3031661128771888,-0.14071215679974808] with R2Norm = 33807.053764346849
Clearing MatLAB workspace...
          NewItem73[X1+X2] has Goal([-10.464038246694763 0.29973051369029768 5.6323752668790057 -1.9270920110281615 -0.57501742756977947 -1.4794348341004486 -3.0662053483026028 -2.9549060345917937 -0.78115224873872435 5.2272602459156197...]) with K=[0] and R2Norm = 32553.68110994207
          ... R2Norm successfully enhanced.
Clearing MatLAB workspace...
            NewItem75[polyval(K,X)] with Goal([-10.464038246694763 0.29973051369029768 5.6323752668790057 -1.9270920110281615 -0.57501742756977947 -1.4794348341004486 -3.0662053483026028 -2.9549060345917937 -0.78115224873872435 5.2272602459156197...]) gives K=[0.10997062001500583,0.45869452077802303,1.6446897763179964,-0.13156417340264409] with R2Norm = 32188.19781248011
Clearing MatLAB workspace...
        NewItem52[X1+X2] has Goal(YY') with K=[0] and R2Norm = 32188.19781248011
        ... R2Norm successfully enhanced.
Clearing MatLAB workspace...
            NewItemALL[X1+X2] has Goal(YY') with K=[0] and R2Norm = 492498.6941536325
            ... fix X1=[24.410841329303313 17.758518120882918 17.550220602896765 19.633234581572815 22.225914924321302 19.267509781497278 21.053359864447593 19.195524023832427 14.47530579293934 16.998039498453522 21.3792...]. Plan to enhance in [NET] 
Clearing MatLAB workspace...
              NET[newff(minmax(X),[11 8 1],{'tansig' 'tansig' 'purelin'})] with Goal([-8.4108413293033131 -2.7585181208829184 5.4497793971032351 0.36676541842718535 -2.2259149243213017 -1.267509781497278 -4.053359864447593 -3.1955240238324265 -0.47530579293933961 5.0019605015464776 -2...]) gives K=[c:\matlab\work\NET.mat] with R2Norm = 30905.861015607286
Clearing MatLAB workspace...
            NewItemALL[X1+X2] has Goal(YY') with K=[0] and R2Norm = 30905.861015607286
            ... R2Norm successfully enhanced.
NewItem8 = inline('polyval([-0.054366947046104168,0.045899002073174655,7.7279577051494606,-17.74589973405687],X)','X');
NewItem25 = inline('polyval([-0.054366947046104168,0.045899002073174655,7.7279577051494606,-17.74589973405687],X)','X');
NewItem270 = inline('polyval([-0.054366947046104168,0.045899002073174655,7.7279577051494606,-17.74589973405687],X)','X');
NewItem36 = inline('polyval([0.0063887466523148322,-0.19566103782151428,1.5484507211427683,-2.7282482814837192],X)','X');
NewItem53 = inline('polyval([0.002127417842455829,-0.088327454514359846,0.81401742243351571,-1.6025781412586189],X)','X');
NewItem10 = inline('polyval([0.0002900362418442892,-0.018259287328517882,0.33177242995583395,-1.4796042969497698],X)','X');
NewItem_12 = inline('(0.99996094586042672)*X1+(1.0000020362117799)*X2','X1','X2');
NewItem13 = inline('polyval([0.00038885635661739922,-0.02111900422741814,0.37418212079575242,-1.9640984672929698],X)','X');
NewItem30 = inline('polyval([0.00036865033960630915,-0.018123331747833985,0.27408113329395939,-1.2077233330569956],X)','X');
NewItem38 = inline('polyval([0.00015575813055637708,-0.0089637155574012681,0.14770435704892038,-0.58814385106536438],X)','X');
NewItem55 = inline('polyval([5.8465876502440056E-006,-0.0010670326226653699,0.028841641253154696,-0.15171800358233603],X)','X');
NewItem12 = inline('polyval([-0.0015429826703624791,0.0045268007448263908,0.72896910985477603,3.6307019900965938],X)','X');
NewItem_23 = inline('X1+X2','X1','X2');
NewItem160 = inline('polyval([-0.0013387864017492738,-0.0040544010618556925,0.82408766252168641,-4.4003604235566387],X)','X');
NewItem28 = inline('polyval([0.00013627557272589093,-0.052526019886362886,1.1955579639839422,-4.3196231610108526],X)','X');
NewItem_13 = inline('X1+X2','X1','X2');
NewItem40 = inline('polyval([-0.00062088938118913777,-0.01293092617573126,0.6718760246514256,-3.4155000020689621],X)','X');
NewItem57 = inline('polyval([0.00016860985354369442,-0.045731450797190085,1.0229657312906935,-3.7639741184633011],X)','X');
NewItem170 = inline('polyval([-0.00068287443653968589,1.4538676305902576,-1029.2357786107316,242222.58479163016],X)','X');
NewItem_34 = inline('X1+X2','X1','X2');
NewItem27 = inline('polyval([-0.00063399093322478821,1.3997257556549751,-1029.9009113939308,252545.26735705207],X)','X');
NewItem_14 = inline('X1+X2','X1','X2');
NewItem31 = inline('polyval([-0.00068287443653968589,1.4538676305902576,-1029.2357786107316,242222.58479163016],X)','X');
NewItem_24 = inline('X1+X2','X1','X2');
NewItem42 = inline('polyval([-0.00043390824545168534,0.96197613659857539,-710.74006240635731,174999.13947269105],X)','X');
NewItem59 = inline('polyval([-0.00011661655148218672,0.25477908444758263,-185.36165928712288,44906.09096837986],X)','X');
NewItem37 = inline('polyval([-0.00040311195780763274,0.0088237817719757066,1.0042329625582733,-0.40121741142205553],X)','X');
NewItem_15 = inline('X1+X2','X1','X2');
NewItem39 = inline('polyval([-0.00040311195780763274,0.0088237817719757066,1.0042329625582733,-0.40121741142205553],X)','X');
NewItem_25 = inline('X1+X2','X1','X2');
NewItem41 = inline('polyval([-0.00040311195780763274,0.0088237817719757066,1.0042329625582733,-0.40121741142205553],X)','X');
NewItem_35 = inline('X1+X2','X1','X2');
NewItem43 = inline('polyval([-0.00040311195780763274,0.0088237817719757066,1.0042329625582733,-0.40121741142205553],X)','X');
NewItem_45 = inline('X1+X2','X1','X2');
NewItem61 = inline('polyval([1.3965716246947045E-006,0.0026121752203337911,-0.012771196943370538,-0.49885231762117804],X)','X');
NewItem54 = inline('polyval([-0.00025418525047871392,0.0038699503217971029,1.0218193496561301,-0.019867431481296834],X)','X');
NewItem_16 = inline('X1+X2','X1','X2');
NewItem56 = inline('polyval([-0.00025418525047871392,0.0038699503217971029,1.0218193496561301,-0.019867431481296834],X)','X');
NewItem_26 = inline('X1+X2','X1','X2');
NewItem58 = inline('polyval([-0.00025418525047871392,0.0038699503217971029,1.0218193496561301,-0.019867431481296834],X)','X');
NewItem_36 = inline('X1+X2','X1','X2');
NewItem60 = inline('polyval([-0.00025418525047871392,0.0038699503217971029,1.0218193496561301,-0.019867431481296834],X)','X');
NewItem_46 = inline('X1+X2','X1','X2');
NewItem62 = inline('polyval([-0.00025418525047871392,0.0038699503217971029,1.0218193496561301,-0.019867431481296834],X)','X');
NewItem_56 = inline('X1+X2','X1','X2');
NewItem190 = inline('polyval([-1.6149987265385005E-005,0.00095195520089728773,0.98871095327230729,-0.052756827111676154],X)','X');
NewItem21 = inline('polyval([-3.5829574431276436E-005,-8.1646290607237233E-005,0.019611773840727265,0.0059231792998960054],X)','X');
NewItem20 = inline('X1+X2','X1','X2');
NewItem22 = inline('polyval([3.4283244604800428E-005,0.00013800473105007866,0.98092497422837932,-0.0071883557023395871],X)','X');
NewItem16 = inline('polyval([-5.8770484110172598E-005,-7.9933633375894575E-007,0.027667993729011849,-0.00028580121600507176],X)','X');
NewItem15 = inline('polyval([-3.9965945825087543E-006,0.00010964993296645997,0.0002878954960836777,-0.010902235991930994],X)','X');
NewItem17 = inline('X1+X2','X1','X2');
NewItem23 = inline('polyval([10.82115745264494,6.8410889894654145,0.66867878887332344,-0.18645923437025846],X)','X');
NewItem24 = inline('X1+X2','X1','X2');
NewItem74 = inline('polyval([6.5311517165250998E-005,-0.00042649004057360293,0.97199527625463178,0.065746192856265526],X)','X');
NewItem48 = inline('polyval([-2.1937538686948388E-005,-0.0021140643213056688,0.018815919898435868,0.37321079672870949],X)','X');
NewItem49 = inline('polyval([6.1081041451252892E-005,0.00036615405971932317,-0.029672964525975735,-0.07308656061311905],X)','X');
NewItem50 = inline('X1+X2','X1','X2');
NewItem51 = inline('polyval([-1.1853587817843201,-2.3726288391830224,1.6381999976123829,0.22797889731595211],X)','X');
NewItem69 = inline('polyval([-4.1509601599029741E-006,6.6418611755250651E-005,0.00097511233797517095,-0.0056198381223974796],X)','X');
NewItem70 = inline('polyval([-2.3463275944492129E-005,0.0025466599578423937,-0.0018925787753105274,-0.41975078475397892],X)','X');
NewItem71 = inline('X1+X2','X1','X2');
NewItem72 = inline('polyval([-1.8057496181149155,1.4170785143963132,1.3031661128771888,-0.14071215679974808],X)','X');
NewItem73 = inline('X1+X2','X1','X2');
NewItem75 = inline('polyval([0.10997062001500583,0.45869452077802303,1.6446897763179964,-0.13156417340264409],X)','X');
NewItem52 = inline('X1+X2','X1','X2');
NET = inline('sim(getfield(load(''c:\matlab\work\NET.mat''),''BestK''),X)','X');
NewItemALL = inline('X1+X2','X1','X2');
Elapsed time = 846 sec.
  NewItemALL(NewItem52(NewItem74(NewItem24(NewItem23(NewItem17(NewItem15(NewItem_16(NewItem53(X1),NewItem54(X6))),NewItem16(NewItem_46(NewItem59(X4),NewItem60(X6))))),NewItem22(NewItem20(NewItem21(NewItem_56(NewItem61(X5),NewItem62(X6))),NewItem190(NewItem_36(NewItem57(X3),NewItem58(X6))))))),NewItem75(NewItem73(NewItem51(NewItem50(NewItem48(NewItem_26(NewItem55(X2),NewItem56(X6))),NewItem49(NewItem_35(NewItem40(X3),NewItem41(X5))))),NewItem72(NewItem71(NewItem69(NewItem_15(NewItem36(X1),NewItem37(X5))),NewItem70(NewItem_45(NewItem42(X4),NewItem43(X5)))))))),NET(XALL)) 
