Clearing MatLAB workspace... wait for 1 sec.
NewItem37[polyval(K,X)] with Goal(YY') gives K=[-1588320963.7652955,31530078198.133156,-239531619167.23395,903736785011.02405,-2087788180660.4182,4679648362849.5664,-10773863566239.855,14356228455449.15,-6868371994396.8936] with R2Norm = 6375494.0273122787
Clearing MatLAB workspace... wait for 1 sec.
NewItem36[polyval(K,X)] with Goal(YY') gives K=[1.6998517149755261E-007,-2.3182026607715322E-005,0.0012993774767347777,-0.03848552982371034,0.64498979419900593,-6.0927197281989152,30.617341683988478,-71.838106937708645,119.73057017718538] with R2Norm = 6483579.7004627446
Clearing MatLAB workspace... wait for 1 sec.
NewItem35[polyval(K,X)] with Goal(YY') gives K=[-2.6529229210112842E-006,0.00028135280501515383,-0.012264293239633189,0.2821328851633747,-3.6508916662759305,26.111279612086076,-94.199228705562717,145.38680129836669,-37.403451818475176] with R2Norm = 5186221.2640083656
Clearing MatLAB workspace... wait for 1 sec.
NewItemLondon16_8_1[newff(minmax(X),[16 8 1],{'tansig' 'tansig' 'purelin'})] with Goal(YY') gives K=[c:\matlab\work\NewItemLondon16_8_1.mat] with R2Norm = 1282093.3737479185
Clearing MatLAB workspace... wait for 1 sec.
NewItem34[polyval(K,X)] with Goal(YY') gives K=[6.0751496477944694E-018,-1.4983903991484439E-014,1.6304324275803526E-011,-8.1477978400144664E-009,1.986838210520504E-006,-0.00023793716890904034,0.01273681560255558,0.64395601406464786,8.3659000142923698] with R2Norm = 1827934.5832976231
Filter(NewItem17). Selected: [NewItem34,NewItem35]
Clearing MatLAB workspace... wait for 1 sec.
NewItem18[newff(minmax(X),[1],{'purelin'})] with Goal(YY') gives K=[c:\matlab\work\NewItem18.mat] with R2Norm = 1739880.9759981553
Clearing MatLAB workspace... wait for 1 sec.
NewItem38[X1+X2] has Goal(YY') with K=[0] and R2Norm = 18551222.994694963
... fix X2=[4.9555901979720538 118.80945755328199 111.01051808549292 123.27046953987087 137.33266659695676 112.90211573052412 168.98792791423293 160.31991517412288 155.18696290567843 166.40100257312588 135.73...]. Plan to enhance in [NewItemLondon16_8_1] 
Clearing MatLAB workspace... wait for 1 sec.
  NewItemLondon16_8_1[newff(minmax(X),[16 8 1],{'tansig' 'tansig' 'purelin'})] with Goal([142.04440980202796 20.190542446718013 38.989481914507081 36.729530460129126 -13.332666596956756 72.097884269475884 3.0120720857670733 5.6800848258771168 25.813037094321572 -18.401002573125879 1.26814...]) gives K=[c:\matlab\work\NewItemLondon16_8_1.mat] with R2Norm = 1680883.5656113862
Clearing MatLAB workspace... wait for 1 sec.
NewItem38[X1+X2] has Goal(YY') with K=[0] and R2Norm = 1680883.5656113862
... R2Norm successfully enhanced.
NewItem37 = inline('polyval([-1588320963.7652955,31530078198.133156,-239531619167.23395,903736785011.02405,-2087788180660.4182,4679648362849.5664,-10773863566239.855,14356228455449.15,-6868371994396.8936],X)','X');
NewItem36 = inline('polyval([1.6998517149755261E-007,-2.3182026607715322E-005,0.0012993774767347777,-0.03848552982371034,0.64498979419900593,-6.0927197281989152,30.617341683988478,-71.838106937708645,119.73057017718538],X)','X');
NewItem35 = inline('polyval([-2.6529229210112842E-006,0.00028135280501515383,-0.012264293239633189,0.2821328851633747,-3.6508916662759305,26.111279612086076,-94.199228705562717,145.38680129836669,-37.403451818475176],X)','X');
NewItemLondon16_8_1 = inline('sim(getfield(load(''c:\matlab\work\NewItemLondon16_8_1.mat''),''BestK''),[X1;X2;X3;X4])','X1','X2','X3','X4');
NewItem34 = inline('polyval([6.0751496477944694E-018,-1.4983903991484439E-014,1.6304324275803526E-011,-8.1477978400144664E-009,1.986838210520504E-006,-0.00023793716890904034,0.01273681560255558,0.64395601406464786,8.3659000142923698],X)','X');
NewItem18 = inline('sim(getfield(load(''c:\matlab\work\NewItem18.mat''),''BestK''),[X1;X2])','X1','X2');
NewItem38 = inline('X1+X2','X1','X2');
Elapsed time = 1100 sec.
  NewItem38(NewItemLondon16_8_1(X1,X2,X3,X4),NewItem18(NewItem34(X4),NewItem35(X3))) 
